<?xml version="1.0" encoding="UTF-8"?>
<!-- Generated by org.testng.reporters.JUnitReportReporter -->
<testsuite skipped="0" hostname="DESKTOP-NVAS8PR" name="com.phptravels.tests.HomeTests" tests="1" failures="0" timestamp="02 Apr 2018 22:45:25 GMT" time="0.358" errors="0">
  <testcase name="validate_HomePage" time="0.358" classname="com.phptravels.tests.HomeTests"/>
</testsuite> <!-- com.phptravels.tests.HomeTests -->
