<?xml version="1.0" encoding="UTF-8"?>
<!-- Generated by org.testng.reporters.JUnitReportReporter -->
<testsuite skipped="0" hostname="DESKTOP-NVAS8PR" name="com.phptravels.tests.LoginTests" tests="1" failures="0" timestamp="02 Apr 2018 21:20:58 GMT" time="0.016" errors="0">
  <testcase name="verify_LoginPage" time="0.016" classname="com.phptravels.tests.LoginTests"/>
</testsuite> <!-- com.phptravels.tests.LoginTests -->
