<?xml version="1.0" encoding="UTF-8"?>
<!-- Generated by org.testng.reporters.JUnitReportReporter -->
<testsuite skipped="0" hostname="DESKTOP-NVAS8PR" name="com.phptravels.tests.ToursTests" tests="1" failures="0" timestamp="03 Apr 2018 14:06:34 GMT" time="4.650" errors="0">
  <testcase name="tours_booking" time="4.650" classname="com.phptravels.tests.ToursTests"/>
</testsuite> <!-- com.phptravels.tests.ToursTests -->
